<?xml version="1.0" encoding="UTF-8"?>
<!-- Generated by org.testng.reporters.JUnitReportReporter -->
<testsuite skipped="0" hostname="veravalli-PC" name="ORG.ORGPro.LoginTest" tests="1" failures="0" timestamp="05 Sep 2019 06:14:16 GMT" time="2.636" errors="0">
  <testcase name="f" time="2.636" classname="ORG.ORGPro.LoginTest"/>
</testsuite> <!-- ORG.ORGPro.LoginTest -->
